Totally random graph! 500 nodes...
Namespace(classifier_lr=0.01, data_id='', data_src='', dataset=None, dgi_lr=0.01, dropout=0.0, file_path='data/random_graph_500.edgelist', gpu=0, graph_type='DD', label_path='data/random_labels.txt', model=False, model_id=2, model_type=2, n_classifier_epochs=100, n_dgi_epochs=100, n_hidden=32, n_layers=1, patience=20, self_loop=True, syn_gnp_n=1000, syn_gnp_p=0.0, syn_nclasses=10, syn_nfeats=500, syn_seed=42, syn_test_ratio=0.5, syn_train_ratio=0.1, syn_type='gnp', syn_val_ratio=0.2, weight_decay=0.0)
Early stopping!
Test Accuracy 0.8812, std 0.0326
Namespace(classifier_lr=0.01, data_id='europe', data_src='europe', dataset=None, dgi_lr=0.01, dropout=0.0, file_path='data/europe-airports.edgelist', gpu=-1, graph_type='DD', label_path='data/labels-europe-airports.txt', model=False, model_id=2, model_type=2, n_classifier_epochs=100, n_dgi_epochs=0, n_hidden=32, n_layers=1, patience=20, self_loop=True, syn_gnp_n=1000, syn_gnp_p=0.0, syn_nclasses=10, syn_nfeats=500, syn_seed=42, syn_test_ratio=0.5, syn_train_ratio=0.1, syn_type='gnp', syn_val_ratio=0.2, weight_decay=0.0)
Test Accuracy 0.5665, std 0.0467
Namespace(classifier_lr=0.01, data_id='usa', data_src='europe', dataset=None, dgi_lr=0.01, dropout=0.0, file_path='data/usa-airports.edgelist', gpu=-1, graph_type='DD', label_path='data/labels-usa-airports.txt', model=False, model_id=2, model_type=2, n_classifier_epochs=100, n_dgi_epochs=0, n_hidden=32, n_layers=1, patience=20, self_loop=True, syn_gnp_n=1000, syn_gnp_p=0.0, syn_nclasses=10, syn_nfeats=500, syn_seed=42, syn_test_ratio=0.5, syn_train_ratio=0.1, syn_type='gnp', syn_val_ratio=0.2, weight_decay=0.0)
Test Accuracy 0.6289, std 0.0295
Namespace(classifier_lr=0.01, data_id='brazil', data_src='europe', dataset=None, dgi_lr=0.01, dropout=0.0, file_path='data/brazil-airports.edgelist', gpu=-1, graph_type='DD', label_path='data/labels-brazil-airports.txt', model=False, model_id=2, model_type=2, n_classifier_epochs=100, n_dgi_epochs=0, n_hidden=32, n_layers=1, patience=20, self_loop=True, syn_gnp_n=1000, syn_gnp_p=0.0, syn_nclasses=10, syn_nfeats=500, syn_seed=42, syn_test_ratio=0.5, syn_train_ratio=0.1, syn_type='gnp', syn_val_ratio=0.2, weight_decay=0.0)
Test Accuracy 0.6596, std 0.0829
================================================================
Running EU original...
Namespace(classifier_lr=0.01, data_id='', data_src='', dataset=None, dgi_lr=0.01, dropout=0.0, file_path='data/europe-airports.edgelist', gpu=0, graph_type='DD', label_path='data/labels-europe-airports.txt', model=False, model_id=2, model_type=2, n_classifier_epochs=100, n_dgi_epochs=100, n_hidden=32, n_layers=1, patience=20, self_loop=True, syn_gnp_n=1000, syn_gnp_p=0.0, syn_nclasses=10, syn_nfeats=500, syn_seed=42, syn_test_ratio=0.5, syn_train_ratio=0.1, syn_type='gnp', syn_val_ratio=0.2, weight_decay=0.0)
Test Accuracy 0.5755, std 0.0496
Namespace(classifier_lr=0.01, data_id='usa', data_src='europe', dataset=None, dgi_lr=0.01, dropout=0.0, file_path='data/usa-airports.edgelist', gpu=-1, graph_type='DD', label_path='data/labels-usa-airports.txt', model=False, model_id=2, model_type=2, n_classifier_epochs=100, n_dgi_epochs=0, n_hidden=32, n_layers=1, patience=20, self_loop=True, syn_gnp_n=1000, syn_gnp_p=0.0, syn_nclasses=10, syn_nfeats=500, syn_seed=42, syn_test_ratio=0.5, syn_train_ratio=0.1, syn_type='gnp', syn_val_ratio=0.2, weight_decay=0.0)
Test Accuracy 0.6151, std 0.0302
Namespace(classifier_lr=0.01, data_id='brazil', data_src='europe', dataset=None, dgi_lr=0.01, dropout=0.0, file_path='data/brazil-airports.edgelist', gpu=-1, graph_type='DD', label_path='data/labels-brazil-airports.txt', model=False, model_id=2, model_type=2, n_classifier_epochs=100, n_dgi_epochs=0, n_hidden=32, n_layers=1, patience=20, self_loop=True, syn_gnp_n=1000, syn_gnp_p=0.0, syn_nclasses=10, syn_nfeats=500, syn_seed=42, syn_test_ratio=0.5, syn_train_ratio=0.1, syn_type='gnp', syn_val_ratio=0.2, weight_decay=0.0)
Test Accuracy 0.7204, std 0.0769
Evaluating original EU on degree-based labels
Namespace(classifier_lr=0.01, data_id='europe', data_src='europe', dataset=None, dgi_lr=0.01, dropout=0.0, file_path='data/europe-airports.edgelist', gpu=-1, graph_type='DD', label_path='data/labels-europe-airports-degree-based.txt', model=False, model_id=2, model_type=2, n_classifier_epochs=100, n_dgi_epochs=0, n_hidden=32, n_layers=1, patience=20, self_loop=True, syn_gnp_n=1000, syn_gnp_p=0.0, syn_nclasses=10, syn_nfeats=500, syn_seed=42, syn_test_ratio=0.5, syn_train_ratio=0.1, syn_type='gnp', syn_val_ratio=0.2, weight_decay=0.0)
Test Accuracy 0.8840, std 0.0341
